<?xml version="1.0" encoding="UTF-8"?>
<!-- Generated by org.testng.reporters.JUnitXMLReporter -->
<testsuite ignored="2" hostname="HP" failures="0" tests="2" name="Comedy Movies" time="0.024" errors="0" timestamp="2020-04-16T01:02:29 IST">
  <testcase classname="packageTwo.Movies" name="comedyMovieFirst" time="0.002"/>
  <testcase classname="packageTwo.Movies" name="comedyMovieSecond" time="0.002"/>
  <testcase classname="packageTwo.Movies" name="romanticMovieFirst" time="0.0">
    <ignored/>
  </testcase> <!-- romanticMovieFirst -->
  <testcase classname="packageTwo.Movies" name="romanticMovieSecond" time="0.0">
    <ignored/>
  </testcase> <!-- romanticMovieSecond -->
</testsuite> <!-- Comedy Movies -->
