<?xml version="1.0" encoding="UTF-8"?>
<!-- Generated by org.testng.reporters.JUnitXMLReporter -->
<testsuite ignored="0" hostname="HP" failures="0" tests="4" name="Important Movies" time="0.107" errors="0" timestamp="2020-04-16T04:20:30 IST">
  <testcase classname="packageTwo.Movies3" name="comedyMovieFirst" time="0.016"/>
  <testcase classname="packageTwo.Movies3" name="comedyMovieSecond" time="0.003"/>
  <testcase classname="packageTwo.Movies3" name="romanticMovieFirst" time="0.002"/>
  <testcase classname="packageTwo.Movies3" name="romanticMovieSecond" time="0.005"/>
</testsuite> <!-- Important Movies -->
