<?xml version="1.0" encoding="UTF-8"?>
<!-- Generated by org.testng.reporters.JUnitXMLReporter -->
<testsuite ignored="1" hostname="HP" failures="0" tests="2" name="Romantic Movies" time="0.088" errors="0" timestamp="2020-04-16T02:04:12 IST">
  <testcase classname="packageTwo.Movies4" name="horrorMovie" time="0.015"/>
  <testcase classname="packageTwo.Movies4" name="comedyMovie" time="0.002"/>
  <testcase classname="packageTwo.Movies4" name="actionMovie" time="0.0">
    <ignored/>
  </testcase> <!-- actionMovie -->
</testsuite> <!-- Romantic Movies -->
