<?xml version="1.0" encoding="UTF-8"?>
<!-- Generated by org.testng.reporters.JUnitXMLReporter -->
<testsuite ignored="0" hostname="HP" failures="0" tests="8" name="Very Important Movies" time="0.15" errors="0" timestamp="2020-04-16T04:20:30 IST">
  <testcase classname="packageTwo.Movies" name="comedyMovieFirst" time="0.013"/>
  <testcase classname="packageTwo.Movies" name="comedyMovieSecond" time="0.004"/>
  <testcase classname="packageTwo.Movies" name="romanticMovieFirst" time="0.003"/>
  <testcase classname="packageTwo.Movies" name="romanticMovieSecond" time="0.002"/>
  <testcase classname="packageTwo.Movies2" name="actionMovieFirst" time="0.003"/>
  <testcase classname="packageTwo.Movies2" name="actionMovieSecond" time="0.003"/>
  <testcase classname="packageTwo.Movies2" name="horrorMovieFirst" time="0.002"/>
  <testcase classname="packageTwo.Movies2" name="horrorMovieSecond" time="0.002"/>
</testsuite> <!-- Very Important Movies -->
