<?xml version="1.0" encoding="UTF-8"?>
<!-- Generated by org.testng.reporters.JUnitXMLReporter -->
<testsuite ignored="0" hostname="HP" failures="0" tests="4" name="Test" time="0.159" errors="0" timestamp="2020-04-14T19:22:20 IST">
  <testcase classname="packageOne.Dayone" name="firstTest" time="0.021"/>
  <testcase classname="packageOne.Dayone" name="secondTest" time="0.007"/>
  <testcase classname="packageOne.Daythree" name="fifthTest" time="0.003"/>
  <testcase classname="packageOne.Daythree" name="sixthTest" time="0.004"/>
</testsuite> <!-- Test -->
