<?xml version="1.0" encoding="UTF-8"?>
<!-- Generated by org.testng.reporters.JUnitXMLReporter -->
<testsuite ignored="0" hostname="HP" failures="0" tests="4" name="Test 2" time="0.059" errors="0" timestamp="2020-04-14T19:22:21 IST">
  <testcase classname="packageOne.Daytwo" name="fourthTest" time="0.004"/>
  <testcase classname="packageOne.Daytwo" name="thirdTest" time="0.01"/>
  <testcase classname="packageOne.Daythree" name="fifthTest" time="0.003"/>
  <testcase classname="packageOne.Daythree" name="sixthTest" time="0.006"/>
</testsuite> <!-- Test 2 -->
