<?xml version="1.0" encoding="UTF-8"?>
<!-- Generated by org.testng.reporters.JUnitXMLReporter -->
<testsuite ignored="0" hostname="HP" failures="0" tests="6" name="Personal Loan" time="0.142" errors="0" timestamp="2020-04-15T23:45:41 IST">
  <testcase classname="packageOne.Dayone" name="firstTest" time="0.022"/>
  <testcase classname="packageOne.Dayone" name="secondTest" time="0.008"/>
  <testcase classname="packageOne.Daythree" name="fifthTest" time="0.004"/>
  <testcase classname="packageOne.Daythree" name="sixthTest" time="0.003"/>
  <testcase classname="packageOne.Daythree" name="sixthTestFirstHalf" time="0.003"/>
  <testcase classname="packageOne.Daythree" name="sixthTestSecondHalf" time="0.001"/>
</testsuite> <!-- Personal Loan -->
