<?xml version="1.0" encoding="UTF-8"?>
<!-- Generated by org.testng.reporters.JUnitXMLReporter -->
<testsuite ignored="1" hostname="HP" failures="0" tests="3" name="Sixth Test" time="0.018" errors="0" timestamp="2020-04-15T23:45:41 IST">
  <testcase classname="packageOne.Daythree" name="sixthTest" time="0.003"/>
  <testcase classname="packageOne.Daythree" name="sixthTestFirstHalf" time="0.002"/>
  <testcase classname="packageOne.Daythree" name="sixthTestSecondHalf" time="0.002"/>
  <testcase classname="packageOne.Daythree" name="fifthTest" time="0.0">
    <ignored/>
  </testcase> <!-- fifthTest -->
</testsuite> <!-- Sixth Test -->
