<?xml version="1.0" encoding="UTF-8"?>
<testng-results ignored="0" total="1" passed="1" failed="0" skipped="0">
  <reporter-output>
  </reporter-output>
  <suite started-at="2020-04-19T03:23:25 IST" name="Default suite" finished-at="2020-04-19T03:25:14 IST" duration-ms="108738">
    <groups>
    </groups>
    <test started-at="2020-04-19T03:23:25 IST" name="Default test" finished-at="2020-04-19T03:25:14 IST" duration-ms="108738">
      <class name="packageOne.FileUploadFileDownload">
        <test-method signature="fileUploadFileDownloadMethod()[pri:0, instance:packageOne.FileUploadFileDownload@1198b989]" started-at="2020-04-19T03:23:26 IST" name="fileUploadFileDownloadMethod" finished-at="2020-04-19T03:25:14 IST" duration-ms="108631" status="PASS">
          <reporter-output>
          </reporter-output>
        </test-method> <!-- fileUploadFileDownloadMethod -->
      </class> <!-- packageOne.FileUploadFileDownload -->
    </test> <!-- Default test -->
  </suite> <!-- Default suite -->
</testng-results>
